<?xml version="1.0" encoding="UTF-8"?>
<!-- Generated by org.testng.reporters.JUnitXMLReporter -->
<testsuite ignored="0" hostname="DESKTOP-8M27IT2" failures="2" tests="5" name=" SearchProductsTest" time="53.977" errors="0" timestamp="2023-05-22T03:54:00 EDT">
  <testcase classname="tutorialsNinja.SearchProductsTest" name="verifySearchWithANonExistingProduct" time="0.773"/>
  <testcase classname="tutorialsNinja.SearchProductsTest" name="verifySearchWithAnExistingProduct" time="1.268"/>
  <testcase classname="tutorialsNinja.SearchProductsTest" name="verifyProductDisplayCount" time="2.27">
    <failure type="java.lang.AssertionError" message="Displayed product count doesn&amp;apos;t match the selected count expected [100] but found [3]">
      <![CDATA[java.lang.AssertionError: Displayed product count doesn't match the selected count expected [100] but found [3]
at tutorialsNinja.SearchProductsTest.verifyProductDisplayCount(SearchProductsTest.java:132)
at java.base/java.util.ArrayList.forEach(ArrayList.java:1511)
at com.intellij.rt.testng.IDEARemoteTestNG.run(IDEARemoteTestNG.java:66)
at com.intellij.rt.testng.RemoteTestNGStarter.main(RemoteTestNGStarter.java:105)
... Removed 28 stack frames]]>
    </failure>
  </testcase> <!-- verifyProductDisplayCount -->
  <testcase classname="tutorialsNinja.SearchProductsTest" name="verifyUsernavigatedToTHeSearchHomePage" time="1.487"/>
  <testcase classname="tutorialsNinja.SearchProductsTest" name="verifyUsernavigatedToTHeSearchHomePage" time="10.818">
    <failure type="java.lang.AssertionError" message="Search results do not contain any products for the given search term expected [true] but found [false]">
      <![CDATA[java.lang.AssertionError: Search results do not contain any products for the given search term expected [true] but found [false]
at tutorialsNinja.SearchProductsTest.verifyUsernavigatedToTHeSearchHomePage(SearchProductsTest.java:59)
at java.base/java.util.ArrayList.forEach(ArrayList.java:1511)
at com.intellij.rt.testng.IDEARemoteTestNG.run(IDEARemoteTestNG.java:66)
at com.intellij.rt.testng.RemoteTestNGStarter.main(RemoteTestNGStarter.java:105)
... Removed 25 stack frames]]>
    </failure>
  </testcase> <!-- verifyUsernavigatedToTHeSearchHomePage -->
</testsuite> <!--  SearchProductsTest -->
